Vivado Simulator 2020.2
Copyright 1986-1999, 2001-2020 Xilinx, Inc. All Rights Reserved.
Running: C:/Xilinx/Vivado/2020.2/bin/unwrapped/win64.o/xelab.exe -wto 5c6e547d76b64140843f912f833aea95 --incr --debug typical --relax --mt 2 -L xil_defaultlib -L unisims_ver -L unimacro_ver -L secureip --snapshot executeTB_behav xil_defaultlib.executeTB xil_defaultlib.glbl -log elaborate.log 
Using 2 slave threads.
Starting static elaboration
Pass Through NonSizing Optimizer
WARNING: [VRFC 10-3091] actual bit length 2 differs from formal bit length 3 for port 'ctlm_in' [C:/Users/aaron/Documents/Vivado_Projects/Coding_Assignment-3-Execute/Coding_Assignment-3-Execute.srcs/sim_1/new/executeTB.v:19]
WARNING: [VRFC 10-3091] actual bit length 2 differs from formal bit length 3 for port 'ctlm_out' [C:/Users/aaron/Documents/Vivado_Projects/Coding_Assignment-3-Execute/Coding_Assignment-3-Execute.srcs/sim_1/new/executeTB.v:31]
Completed static elaboration
Starting simulation data flow analysis
Completed simulation data flow analysis
Time Resolution for simulation is 1ps
Compiling module xil_defaultlib.adder
Compiling module xil_defaultlib.top_mux
Compiling module xil_defaultlib.alu_control
Compiling module xil_defaultlib.alu
Compiling module xil_defaultlib.bottom_mux
Compiling module xil_defaultlib.ex_mem
Compiling module xil_defaultlib.execute
Compiling module xil_defaultlib.executeTB
Compiling module xil_defaultlib.glbl
Built simulation snapshot executeTB_behav
